This file contains any messages produced by compilers while
running configure, to aid debugging if configure makes a mistake.

It was created by xfce4-hotcorner-plugin configure 0.0.4, which was
generated by GNU Autoconf 2.71.  Invocation command line was

  $ ./configure --prefix=/usr

## --------- ##
## Platform. ##
## --------- ##

hostname = Fi
uname -m = x86_64
uname -r = 5.19.0-43-generic
uname -s = Linux
uname -v = #44~22.04.1-Ubuntu SMP PREEMPT_DYNAMIC Mon May 22 13:39:36 UTC 2

/usr/bin/uname -p = x86_64
/bin/uname -X     = unknown

/bin/arch              = x86_64
/usr/bin/arch -k       = unknown
/usr/convex/getsysinfo = unknown
/usr/bin/hostinfo      = unknown
/bin/machine           = unknown
/usr/bin/oslevel       = unknown
/bin/universe          = unknown

PATH: /usr/local/sbin/
PATH: /usr/local/bin/
PATH: /usr/sbin/
PATH: /usr/bin/
PATH: /sbin/
PATH: /bin/
PATH: /snap/bin/


## ----------- ##
## Core tests. ##
## ----------- ##

configure:2515: looking for aux files: ltmain.sh compile missing install-sh config.guess config.sub
configure:2528:  trying ./
configure:2557:   ./ltmain.sh found
configure:2557:   ./compile found
configure:2557:   ./missing found
configure:2539:   ./install-sh found
configure:2557:   ./config.guess found
configure:2557:   ./config.sub found
configure:2676: checking build system type
configure:2691: result: x86_64-pc-linux-gnu
configure:2711: checking host system type
configure:2725: result: x86_64-pc-linux-gnu
configure:2745: checking target system type
configure:2759: result: x86_64-pc-linux-gnu
configure:2804: checking for a BSD-compatible install
configure:2877: result: /usr/bin/install -c
configure:2888: checking whether build environment is sane
configure:2943: result: yes
configure:3102: checking for a race-free mkdir -p
configure:3146: result: /usr/bin/mkdir -p
configure:3153: checking for gawk
configure:3188: result: no
configure:3153: checking for mawk
configure:3174: found /usr/bin/mawk
configure:3185: result: mawk
configure:3196: checking whether make sets $(MAKE)
configure:3219: result: yes
configure:3249: checking whether make supports nested variables
configure:3267: result: yes
configure:3352: checking whether UID '0' is supported by ustar format
configure:3355: result: yes
configure:3362: checking whether GID '0' is supported by ustar format
configure:3365: result: yes
configure:3373: checking how to create a ustar tar archive
configure:3384: tar --version
tar (GNU tar) 1.34
Copyright (C) 2021 Free Software Foundation, Inc.
License GPLv3+: GNU GPL version 3 or later <https://gnu.org/licenses/gpl.html>.
This is free software: you are free to change and redistribute it.
There is NO WARRANTY, to the extent permitted by law.

Written by John Gilmore and Jay Fenlason.
configure:3387: $? = 0
configure:3427: tardir=conftest.dir && eval tar --format=ustar -chf - "$tardir" >conftest.tar
configure:3430: $? = 0
configure:3434: tar -xf - <conftest.tar
configure:3437: $? = 0
configure:3439: cat conftest.dir/file
GrepMe
configure:3442: $? = 0
configure:3456: result: gnutar
configure:3523: checking whether to enable maintainer-specific portions of Makefiles
configure:3533: result: no
configure:3558: checking whether make supports nested variables
configure:3576: result: yes
configure:3650: checking for gcc
configure:3671: found /usr/bin/gcc
configure:3682: result: gcc
configure:4035: checking for C compiler version
configure:4044: gcc --version >&5
gcc (Ubuntu 11.3.0-1ubuntu1~22.04.1) 11.3.0
Copyright (C) 2021 Free Software Foundation, Inc.
This is free software; see the source for copying conditions.  There is NO
warranty; not even for MERCHANTABILITY or FITNESS FOR A PARTICULAR PURPOSE.

configure:4055: $? = 0
configure:4044: gcc -v >&5
Using built-in specs.
COLLECT_GCC=gcc
COLLECT_LTO_WRAPPER=/usr/lib/gcc/x86_64-linux-gnu/11/lto-wrapper
OFFLOAD_TARGET_NAMES=nvptx-none:amdgcn-amdhsa
OFFLOAD_TARGET_DEFAULT=1
Target: x86_64-linux-gnu
Configured with: ../src/configure -v --with-pkgversion='Ubuntu 11.3.0-1ubuntu1~22.04.1' --with-bugurl=file:///usr/share/doc/gcc-11/README.Bugs --enable-languages=c,ada,c++,go,brig,d,fortran,objc,obj-c++,m2 --prefix=/usr --with-gcc-major-version-only --program-suffix=-11 --program-prefix=x86_64-linux-gnu- --enable-shared --enable-linker-build-id --libexecdir=/usr/lib --without-included-gettext --enable-threads=posix --libdir=/usr/lib --enable-nls --enable-bootstrap --enable-clocale=gnu --enable-libstdcxx-debug --enable-libstdcxx-time=yes --with-default-libstdcxx-abi=new --enable-gnu-unique-object --disable-vtable-verify --enable-plugin --enable-default-pie --with-system-zlib --enable-libphobos-checking=release --with-target-system-zlib=auto --enable-objc-gc=auto --enable-multiarch --disable-werror --enable-cet --with-arch-32=i686 --with-abi=m64 --with-multilib-list=m32,m64,mx32 --enable-multilib --with-tune=generic --enable-offload-targets=nvptx-none=/build/gcc-11-aYxV0E/gcc-11-11.3.0/debian/tmp-nvptx/usr,amdgcn-amdhsa=/build/gcc-11-aYxV0E/gcc-11-11.3.0/debian/tmp-gcn/usr --without-cuda-driver --enable-checking=release --build=x86_64-linux-gnu --host=x86_64-linux-gnu --target=x86_64-linux-gnu --with-build-config=bootstrap-lto-lean --enable-link-serialization=2
Thread model: posix
Supported LTO compression algorithms: zlib zstd
gcc version 11.3.0 (Ubuntu 11.3.0-1ubuntu1~22.04.1) 
... rest of stderr output deleted ...
configure:4055: $? = 0
configure:4044: gcc -V >&5
gcc: error: unrecognized command-line option '-V'
gcc: fatal error: no input files
compilation terminated.
configure:4055: $? = 1
configure:4044: gcc -qversion >&5
gcc: error: unrecognized command-line option '-qversion'; did you mean '--version'?
gcc: fatal error: no input files
compilation terminated.
configure:4055: $? = 1
configure:4044: gcc -version >&5
gcc: error: unrecognized command-line option '-version'
gcc: fatal error: no input files
compilation terminated.
configure:4055: $? = 1
configure:4075: checking whether the C compiler works
configure:4097: gcc    conftest.c  >&5
configure:4101: $? = 0
configure:4151: result: yes
configure:4154: checking for C compiler default output file name
configure:4156: result: a.out
configure:4162: checking for suffix of executables
configure:4169: gcc -o conftest    conftest.c  >&5
configure:4173: $? = 0
configure:4196: result: 
configure:4218: checking whether we are cross compiling
configure:4226: gcc -o conftest    conftest.c  >&5
configure:4230: $? = 0
configure:4237: ./conftest
configure:4241: $? = 0
configure:4256: result: no
configure:4261: checking for suffix of object files
configure:4284: gcc -c   conftest.c >&5
configure:4288: $? = 0
configure:4310: result: o
configure:4314: checking whether the compiler supports GNU C
configure:4334: gcc -c   conftest.c >&5
configure:4334: $? = 0
configure:4344: result: yes
configure:4355: checking whether gcc accepts -g
configure:4376: gcc -c -g  conftest.c >&5
configure:4376: $? = 0
configure:4420: result: yes
configure:4440: checking for gcc option to enable C11 features
configure:4455: gcc  -c -g -O2  conftest.c >&5
configure:4455: $? = 0
configure:4473: result: none needed
configure:4589: checking whether gcc understands -c and -o together
configure:4612: gcc -c conftest.c -o conftest2.o
configure:4615: $? = 0
configure:4612: gcc -c conftest.c -o conftest2.o
configure:4615: $? = 0
configure:4627: result: yes
configure:4647: checking whether make supports the include directive
configure:4662: make -f confmf.GNU && cat confinc.out
this is the am__doit target
configure:4665: $? = 0
configure:4684: result: yes (GNU style)
configure:4710: checking dependency style of gcc
configure:4822: result: gcc3
configure:4838: checking for a sed that does not truncate output
configure:4908: result: /usr/bin/sed
configure:4926: checking for grep that handles long lines and -e
configure:4990: result: /usr/bin/grep
configure:4995: checking for egrep
configure:5063: result: /usr/bin/grep -E
configure:5068: checking for fgrep
configure:5136: result: /usr/bin/grep -F
configure:5163: checking how to print strings
configure:5190: result: printf
configure:5224: checking for ld used by gcc
configure:5292: result: /usr/bin/ld
configure:5299: checking if the linker (/usr/bin/ld) is GNU ld
configure:5315: result: yes
configure:5372: checking for BSD- or MS-compatible name lister (nm)
configure:5427: result: /usr/bin/nm -B
configure:5567: checking the name lister (/usr/bin/nm -B) interface
configure:5575: gcc -c -g -O2  conftest.c >&5
configure:5578: /usr/bin/nm -B "conftest.o"
configure:5581: output
0000000000000000 B some_variable
configure:5588: result: BSD nm
configure:5591: checking whether ln -s works
configure:5595: result: yes
configure:5603: checking the maximum length of command line arguments
configure:5735: result: 1572864
configure:5783: checking how to convert x86_64-pc-linux-gnu file names to x86_64-pc-linux-gnu format
configure:5824: result: func_convert_file_noop
configure:5831: checking how to convert x86_64-pc-linux-gnu file names to toolchain format
configure:5852: result: func_convert_file_noop
configure:5859: checking for /usr/bin/ld option to reload object files
configure:5867: result: -r
configure:5946: checking for file
configure:5967: found /usr/bin/file
configure:5978: result: file
configure:6054: checking for objdump
configure:6075: found /usr/bin/objdump
configure:6086: result: objdump
configure:6118: checking how to recognize dependent libraries
configure:6319: result: pass_all
configure:6409: checking for dlltool
configure:6444: result: no
configure:6474: checking how to associate runtime and link libraries
configure:6502: result: printf %s\n
configure:6568: checking for ar
configure:6589: found /usr/bin/ar
configure:6600: result: ar
configure:6653: checking for archiver @FILE support
configure:6671: gcc -c -g -O2  conftest.c >&5
configure:6671: $? = 0
configure:6675: ar cr libconftest.a @conftest.lst >&5
configure:6678: $? = 0
configure:6683: ar cr libconftest.a @conftest.lst >&5
ar: conftest.o: No such file or directory
configure:6686: $? = 1
configure:6698: result: @
configure:6761: checking for strip
configure:6782: found /usr/bin/strip
configure:6793: result: strip
configure:6870: checking for ranlib
configure:6891: found /usr/bin/ranlib
configure:6902: result: ranlib
configure:7004: checking command to parse /usr/bin/nm -B output from gcc object
configure:7158: gcc -c -g -O2  conftest.c >&5
configure:7161: $? = 0
configure:7165: /usr/bin/nm -B conftest.o \| /usr/bin/sed -n -e 's/^.*[ ]\([ABCDGIRSTW][ABCDGIRSTW]*\)[ ][ ]*\([_A-Za-z][_A-Za-z0-9]*\)$/\1 \2 \2/p' | /usr/bin/sed '/ __gnu_lto/d' \> conftest.nm
configure:7168: $? = 0
configure:7234: gcc -o conftest -g -O2   conftest.c conftstm.o >&5
configure:7237: $? = 0
configure:7275: result: ok
configure:7322: checking for sysroot
configure:7353: result: no
configure:7360: checking for a working dd
configure:7404: result: /usr/bin/dd
configure:7408: checking how to truncate binary pipes
configure:7424: result: /usr/bin/dd bs=4096 count=1
configure:7561: gcc -c -g -O2  conftest.c >&5
configure:7564: $? = 0
configure:7761: checking for mt
configure:7782: found /usr/bin/mt
configure:7793: result: mt
configure:7816: checking if mt is a manifest tool
configure:7823: mt '-?'
configure:7831: result: no
configure:8556: checking for stdio.h
configure:8556: gcc -c -g -O2  conftest.c >&5
configure:8556: $? = 0
configure:8556: result: yes
configure:8556: checking for stdlib.h
configure:8556: gcc -c -g -O2  conftest.c >&5
configure:8556: $? = 0
configure:8556: result: yes
configure:8556: checking for string.h
configure:8556: gcc -c -g -O2  conftest.c >&5
configure:8556: $? = 0
configure:8556: result: yes
configure:8556: checking for inttypes.h
configure:8556: gcc -c -g -O2  conftest.c >&5
configure:8556: $? = 0
configure:8556: result: yes
configure:8556: checking for stdint.h
configure:8556: gcc -c -g -O2  conftest.c >&5
configure:8556: $? = 0
configure:8556: result: yes
configure:8556: checking for strings.h
configure:8556: gcc -c -g -O2  conftest.c >&5
configure:8556: $? = 0
configure:8556: result: yes
configure:8556: checking for sys/stat.h
configure:8556: gcc -c -g -O2  conftest.c >&5
configure:8556: $? = 0
configure:8556: result: yes
configure:8556: checking for sys/types.h
configure:8556: gcc -c -g -O2  conftest.c >&5
configure:8556: $? = 0
configure:8556: result: yes
configure:8556: checking for unistd.h
configure:8556: gcc -c -g -O2  conftest.c >&5
configure:8556: $? = 0
configure:8556: result: yes
configure:8581: checking for dlfcn.h
configure:8581: gcc -c -g -O2  conftest.c >&5
configure:8581: $? = 0
configure:8581: result: yes
configure:8839: checking for objdir
configure:8855: result: .libs
configure:9115: checking if gcc supports -fno-rtti -fno-exceptions
configure:9134: gcc -c -g -O2  -fno-rtti -fno-exceptions conftest.c >&5
cc1: warning: command-line option '-fno-rtti' is valid for C++/D/ObjC++ but not for C
configure:9138: $? = 0
configure:9151: result: no
configure:9509: checking for gcc option to produce PIC
configure:9517: result: -fPIC -DPIC
configure:9525: checking if gcc PIC flag -fPIC -DPIC works
configure:9544: gcc -c -g -O2  -fPIC -DPIC -DPIC conftest.c >&5
configure:9548: $? = 0
configure:9561: result: yes
configure:9590: checking if gcc static flag -static works
configure:9619: result: yes
configure:9634: checking if gcc supports -c -o file.o
configure:9656: gcc -c -g -O2  -o out/conftest2.o conftest.c >&5
configure:9660: $? = 0
configure:9682: result: yes
configure:9690: checking if gcc supports -c -o file.o
configure:9738: result: yes
configure:9771: checking whether the gcc linker (/usr/bin/ld -m elf_x86_64) supports shared libraries
configure:11039: result: yes
configure:11076: checking whether -lc should be explicitly linked in
configure:11085: gcc -c -g -O2  conftest.c >&5
configure:11088: $? = 0
configure:11103: gcc -shared  -fPIC -DPIC conftest.o  -v -Wl,-soname -Wl,conftest -o conftest 2\>\&1 \| /usr/bin/grep  -lc  \>/dev/null 2\>\&1
configure:11106: $? = 0
configure:11120: result: no
configure:11280: checking dynamic linker characteristics
configure:11862: gcc -o conftest -g -O2   -Wl,-rpath -Wl,/foo conftest.c  >&5
configure:11862: $? = 0
configure:12101: result: GNU/Linux ld.so
configure:12223: checking how to hardcode library paths into programs
configure:12248: result: immediate
configure:12800: checking whether stripping libraries is possible
configure:12809: result: yes
configure:12851: checking if libtool supports shared libraries
configure:12853: result: yes
configure:12856: checking whether to build shared libraries
configure:12881: result: yes
configure:12884: checking whether to build static libraries
configure:12888: result: no
configure:12926: checking whether NLS is requested
configure:12936: result: yes
configure:12954: checking for intltool >= 0.35.0
configure:12956: result: 0.51.0 found
configure:12964: checking for intltool-update
configure:12987: found /usr/bin/intltool-update
configure:12999: result: /usr/bin/intltool-update
configure:13009: checking for intltool-merge
configure:13032: found /usr/bin/intltool-merge
configure:13044: result: /usr/bin/intltool-merge
configure:13054: checking for intltool-extract
configure:13077: found /usr/bin/intltool-extract
configure:13089: result: /usr/bin/intltool-extract
configure:13243: checking for xgettext
configure:13266: found /usr/bin/xgettext
configure:13278: result: /usr/bin/xgettext
configure:13288: checking for msgmerge
configure:13311: found /usr/bin/msgmerge
configure:13323: result: /usr/bin/msgmerge
configure:13333: checking for msgfmt
configure:13356: found /usr/bin/msgfmt
configure:13368: result: /usr/bin/msgfmt
configure:13378: checking for gmsgfmt
configure:13414: result: /usr/bin/msgfmt
configure:13434: checking for perl
configure:13457: found /usr/bin/perl
configure:13469: result: /usr/bin/perl
configure:13480: checking for perl >= 5.8.1
configure:13487: result: 5.34.0
configure:13491: checking for XML::Parser
configure:13494: result: ok
configure:13508: checking for exp in -lm
configure:13531: gcc -o conftest -g -O2   conftest.c -lm   >&5
conftest.c:27:6: warning: conflicting types for built-in function 'exp'; expected 'double(double)' [-Wbuiltin-declaration-mismatch]
   27 | char exp ();
      |      ^~~
conftest.c:1:1: note: 'exp' is declared in header '<math.h>'
    1 | /* confdefs.h */
configure:13531: $? = 0
configure:13541: result: yes
configure:13563: checking for locale.h
configure:13563: gcc -c -g -O2  conftest.c >&5
configure:13563: $? = 0
configure:13563: result: yes
configure:13571: checking for LC_MESSAGES
configure:13588: gcc -o conftest -g -O2   conftest.c -lm  >&5
configure:13588: $? = 0
configure:13597: result: yes
configure:13615: checking for CFPreferencesCopyAppValue
configure:13634: gcc -o conftest -g -O2   conftest.c -lm  -Wl,-framework -Wl,CoreFoundation >&5
conftest.c:27:10: fatal error: CoreFoundation/CFPreferences.h: No such file or directory
   27 | #include <CoreFoundation/CFPreferences.h>
      |          ^~~~~~~~~~~~~~~~~~~~~~~~~~~~~~~~
compilation terminated.
configure:13634: $? = 1
configure: failed program was:
| /* confdefs.h */
| #define PACKAGE_NAME "xfce4-hotcorner-plugin"
| #define PACKAGE_TARNAME "xfce4-hotcorner-plugin"
| #define PACKAGE_VERSION "0.0.4"
| #define PACKAGE_STRING "xfce4-hotcorner-plugin 0.0.4"
| #define PACKAGE_BUGREPORT ""
| #define PACKAGE_URL ""
| #define PACKAGE "xfce4-hotcorner-plugin"
| #define VERSION "0.0.4"
| #define HAVE_STDIO_H 1
| #define HAVE_STDLIB_H 1
| #define HAVE_STRING_H 1
| #define HAVE_INTTYPES_H 1
| #define HAVE_STDINT_H 1
| #define HAVE_STRINGS_H 1
| #define HAVE_SYS_STAT_H 1
| #define HAVE_SYS_TYPES_H 1
| #define HAVE_UNISTD_H 1
| #define STDC_HEADERS 1
| #define HAVE_DLFCN_H 1
| #define LT_OBJDIR ".libs/"
| #define HAVE_LIBM 1
| #define GETTEXT_PACKAGE "xfce4-hotcorner-plugin"
| #define HAVE_LOCALE_H 1
| #define HAVE_LC_MESSAGES 1
| /* end confdefs.h.  */
| #include <CoreFoundation/CFPreferences.h>
| int
| main (void)
| {
| CFPreferencesCopyAppValue(NULL, NULL)
|   ;
|   return 0;
| }
configure:13644: result: no
configure:13651: checking for CFLocaleCopyCurrent
configure:13670: gcc -o conftest -g -O2   conftest.c -lm  -Wl,-framework -Wl,CoreFoundation >&5
conftest.c:27:10: fatal error: CoreFoundation/CFLocale.h: No such file or directory
   27 | #include <CoreFoundation/CFLocale.h>
      |          ^~~~~~~~~~~~~~~~~~~~~~~~~~~
compilation terminated.
configure:13670: $? = 1
configure: failed program was:
| /* confdefs.h */
| #define PACKAGE_NAME "xfce4-hotcorner-plugin"
| #define PACKAGE_TARNAME "xfce4-hotcorner-plugin"
| #define PACKAGE_VERSION "0.0.4"
| #define PACKAGE_STRING "xfce4-hotcorner-plugin 0.0.4"
| #define PACKAGE_BUGREPORT ""
| #define PACKAGE_URL ""
| #define PACKAGE "xfce4-hotcorner-plugin"
| #define VERSION "0.0.4"
| #define HAVE_STDIO_H 1
| #define HAVE_STDLIB_H 1
| #define HAVE_STRING_H 1
| #define HAVE_INTTYPES_H 1
| #define HAVE_STDINT_H 1
| #define HAVE_STRINGS_H 1
| #define HAVE_SYS_STAT_H 1
| #define HAVE_SYS_TYPES_H 1
| #define HAVE_UNISTD_H 1
| #define STDC_HEADERS 1
| #define HAVE_DLFCN_H 1
| #define LT_OBJDIR ".libs/"
| #define HAVE_LIBM 1
| #define GETTEXT_PACKAGE "xfce4-hotcorner-plugin"
| #define HAVE_LOCALE_H 1
| #define HAVE_LC_MESSAGES 1
| /* end confdefs.h.  */
| #include <CoreFoundation/CFLocale.h>
| int
| main (void)
| {
| CFLocaleCopyCurrent();
|   ;
|   return 0;
| }
configure:13680: result: no
configure:13694: checking for libintl.h
configure:13694: gcc -c -g -O2  conftest.c >&5
configure:13694: $? = 0
configure:13694: result: yes
configure:13703: checking for ngettext in libc
configure:13722: gcc -o conftest -g -O2   conftest.c -lm  >&5
configure:13722: $? = 0
configure:13732: result: yes
configure:13736: checking for dgettext in libc
configure:13755: gcc -o conftest -g -O2   conftest.c -lm  >&5
configure:13755: $? = 0
configure:13765: result: yes
configure:13770: checking for bind_textdomain_codeset
configure:13770: gcc -o conftest -g -O2   conftest.c -lm  >&5
configure:13770: $? = 0
configure:13770: result: yes
configure:14040: checking for msgfmt
configure:14068: result: /usr/bin/msgfmt
configure:14077: checking for dcgettext
configure:14077: gcc -o conftest -g -O2   conftest.c -lm   >&5
conftest.c:45:6: warning: conflicting types for built-in function 'dcgettext'; expected 'char *(const char *, const char *, int)' [-Wbuiltin-declaration-mismatch]
   45 | char dcgettext ();
      |      ^~~~~~~~~
configure:14077: $? = 0
configure:14077: result: yes
configure:14085: checking if msgfmt accepts -c
configure:14100: $MSGFMT -c -o /dev/null conftest.foo
conftest.foo:3: warning: header field 'Language' missing in header
configure:14103: $? = 0
configure:14105: result: yes
configure:14115: checking for gmsgfmt
configure:14151: result: /usr/bin/msgfmt
configure:14161: checking for xgettext
configure:14189: result: /usr/bin/xgettext
configure:14208: gcc -o conftest -g -O2   conftest.c -lm   >&5
configure:14208: $? = 0
configure:14291: checking for catalogs to be installed
configure:14316: result:  gl zh_TW
configure:14349: checking for bind_textdomain_codeset
configure:14349: result: yes
configure:14356: checking for locales directory
configure:14373: result: ${prefix}/share/locale
configure:14377: checking for additional xgettext flags
configure:14385: result: --keyword=Q_ --from-code=UTF-8
configure:14394: checking how to run the C preprocessor
configure:14420: gcc -E  conftest.c
configure:14420: $? = 0
configure:14435: gcc -E  conftest.c
conftest.c:31:10: fatal error: ac_nonexistent.h: No such file or directory
   31 | #include <ac_nonexistent.h>
      |          ^~~~~~~~~~~~~~~~~~
compilation terminated.
configure:14435: $? = 1
configure: failed program was:
| /* confdefs.h */
| #define PACKAGE_NAME "xfce4-hotcorner-plugin"
| #define PACKAGE_TARNAME "xfce4-hotcorner-plugin"
| #define PACKAGE_VERSION "0.0.4"
| #define PACKAGE_STRING "xfce4-hotcorner-plugin 0.0.4"
| #define PACKAGE_BUGREPORT ""
| #define PACKAGE_URL ""
| #define PACKAGE "xfce4-hotcorner-plugin"
| #define VERSION "0.0.4"
| #define HAVE_STDIO_H 1
| #define HAVE_STDLIB_H 1
| #define HAVE_STRING_H 1
| #define HAVE_INTTYPES_H 1
| #define HAVE_STDINT_H 1
| #define HAVE_STRINGS_H 1
| #define HAVE_SYS_STAT_H 1
| #define HAVE_SYS_TYPES_H 1
| #define HAVE_UNISTD_H 1
| #define STDC_HEADERS 1
| #define HAVE_DLFCN_H 1
| #define LT_OBJDIR ".libs/"
| #define HAVE_LIBM 1
| #define GETTEXT_PACKAGE "xfce4-hotcorner-plugin"
| #define HAVE_LOCALE_H 1
| #define HAVE_LC_MESSAGES 1
| #define HAVE_BIND_TEXTDOMAIN_CODESET 1
| #define HAVE_GETTEXT 1
| #define HAVE_DCGETTEXT 1
| #define ENABLE_NLS 1
| /* end confdefs.h.  */
| #include <ac_nonexistent.h>
configure:14462: result: gcc -E
configure:14476: gcc -E  conftest.c
configure:14476: $? = 0
configure:14491: gcc -E  conftest.c
conftest.c:31:10: fatal error: ac_nonexistent.h: No such file or directory
   31 | #include <ac_nonexistent.h>
      |          ^~~~~~~~~~~~~~~~~~
compilation terminated.
configure:14491: $? = 1
configure: failed program was:
| /* confdefs.h */
| #define PACKAGE_NAME "xfce4-hotcorner-plugin"
| #define PACKAGE_TARNAME "xfce4-hotcorner-plugin"
| #define PACKAGE_VERSION "0.0.4"
| #define PACKAGE_STRING "xfce4-hotcorner-plugin 0.0.4"
| #define PACKAGE_BUGREPORT ""
| #define PACKAGE_URL ""
| #define PACKAGE "xfce4-hotcorner-plugin"
| #define VERSION "0.0.4"
| #define HAVE_STDIO_H 1
| #define HAVE_STDLIB_H 1
| #define HAVE_STRING_H 1
| #define HAVE_INTTYPES_H 1
| #define HAVE_STDINT_H 1
| #define HAVE_STRINGS_H 1
| #define HAVE_SYS_STAT_H 1
| #define HAVE_SYS_TYPES_H 1
| #define HAVE_UNISTD_H 1
| #define STDC_HEADERS 1
| #define HAVE_DLFCN_H 1
| #define LT_OBJDIR ".libs/"
| #define HAVE_LIBM 1
| #define GETTEXT_PACKAGE "xfce4-hotcorner-plugin"
| #define HAVE_LOCALE_H 1
| #define HAVE_LC_MESSAGES 1
| #define HAVE_BIND_TEXTDOMAIN_CODESET 1
| #define HAVE_GETTEXT 1
| #define HAVE_DCGETTEXT 1
| #define ENABLE_NLS 1
| /* end confdefs.h.  */
| #include <ac_nonexistent.h>
configure:14522: checking for X
configure:14560: gcc -o conftest -g -O2   conftest.c -lX11 -lm  >&5
configure:14560: $? = 0
configure:14747: result: libraries , headers 
configure:14845: gcc -o conftest -g -O2   conftest.c -lm   -lX11 >&5
configure:14845: $? = 0
configure:14944: checking for gethostbyname
configure:14944: gcc -o conftest -g -O2   conftest.c -lm  >&5
configure:14944: $? = 0
configure:14944: result: yes
configure:15042: checking for connect
configure:15042: gcc -o conftest -g -O2   conftest.c -lm  >&5
configure:15042: $? = 0
configure:15042: result: yes
configure:15092: checking for remove
configure:15092: gcc -o conftest -g -O2   conftest.c -lm  >&5
configure:15092: $? = 0
configure:15092: result: yes
configure:15142: checking for shmat
configure:15142: gcc -o conftest -g -O2   conftest.c -lm  >&5
configure:15142: $? = 0
configure:15142: result: yes
configure:15201: checking for IceConnectionNumber in -lICE
configure:15224: gcc -o conftest -g -O2   conftest.c -lICE  -lm  >&5
configure:15224: $? = 0
configure:15234: result: yes
configure:15250: checking for main in -lX11
configure:15270: gcc -o conftest -g -O2   conftest.c -lX11   -lSM -lICE   -lm  >&5
configure:15270: $? = 0
configure:15280: result: yes
configure:15386: checking for pkg-config
configure:15409: found /usr/bin/pkg-config
configure:15421: result: /usr/bin/pkg-config
configure:15446: checking pkg-config is at least version 0.9.0
configure:15449: result: yes
configure:15471: checking for gtk+-3.0 >= 3.22.0
configure:15475: result: 3.24.33
configure:15478: checking GTK_CFLAGS
configure:15481: result: -pthread -I/usr/include/gtk-3.0 -I/usr/include/at-spi2-atk/2.0 -I/usr/include/at-spi-2.0 -I/usr/include/dbus-1.0 -I/usr/lib/x86_64-linux-gnu/dbus-1.0/include -I/usr/include/gtk-3.0 -I/usr/include/gio-unix-2.0 -I/usr/include/cairo -I/usr/include/pango-1.0 -I/usr/include/harfbuzz -I/usr/include/pango-1.0 -I/usr/include/fribidi -I/usr/include/harfbuzz -I/usr/include/atk-1.0 -I/usr/include/cairo -I/usr/include/pixman-1 -I/usr/include/uuid -I/usr/include/freetype2 -I/usr/include/gdk-pixbuf-2.0 -I/usr/include/libpng16 -I/usr/include/x86_64-linux-gnu -I/usr/include/libmount -I/usr/include/blkid -I/usr/include/glib-2.0 -I/usr/lib/x86_64-linux-gnu/glib-2.0/include
configure:15484: checking GTK_LIBS
configure:15487: result: -lgtk-3 -lgdk-3 -lpangocairo-1.0 -lpango-1.0 -lharfbuzz -latk-1.0 -lcairo-gobject -lcairo -lgdk_pixbuf-2.0 -lgio-2.0 -lgobject-2.0 -lglib-2.0
configure:15591: checking for pkg-config
configure:15626: result: /usr/bin/pkg-config
configure:15651: checking pkg-config is at least version 0.9.0
configure:15654: result: yes
configure:15676: checking for libxfce4ui-2 >= 4.12.0
configure:15680: result: 4.16.1
configure:15683: checking LIBXFCE4UI_CFLAGS
configure:15686: result: -pthread -I/usr/include/xfce4/libxfce4ui-2 -I/usr/include/gtk-3.0 -I/usr/include/at-spi2-atk/2.0 -I/usr/include/at-spi-2.0 -I/usr/include/dbus-1.0 -I/usr/lib/x86_64-linux-gnu/dbus-1.0/include -I/usr/include/gtk-3.0 -I/usr/include/gio-unix-2.0 -I/usr/include/cairo -I/usr/include/pango-1.0 -I/usr/include/harfbuzz -I/usr/include/pango-1.0 -I/usr/include/fribidi -I/usr/include/harfbuzz -I/usr/include/atk-1.0 -I/usr/include/cairo -I/usr/include/pixman-1 -I/usr/include/uuid -I/usr/include/freetype2 -I/usr/include/gdk-pixbuf-2.0 -I/usr/include/libpng16 -I/usr/include/x86_64-linux-gnu -I/usr/include/libmount -I/usr/include/blkid -I/usr/include/xfce4 -I/usr/include/glib-2.0 -I/usr/lib/x86_64-linux-gnu/glib-2.0/include
configure:15689: checking LIBXFCE4UI_LIBS
configure:15692: result: -lxfce4ui-2 -lgtk-3 -lgdk-3 -lpangocairo-1.0 -lpango-1.0 -lharfbuzz -latk-1.0 -lcairo-gobject -lcairo -lgdk_pixbuf-2.0 -lgio-2.0 -lgobject-2.0 -lxfce4util -lglib-2.0
configure:15796: checking for pkg-config
configure:15831: result: /usr/bin/pkg-config
configure:15856: checking pkg-config is at least version 0.9.0
configure:15859: result: yes
configure:15881: checking for libxfce4panel-2.0 >= 4.12.0
configure:15885: result: 4.16.3
configure:15888: checking LIBXFCE4PANEL_CFLAGS
configure:15891: result: -pthread -I/usr/include/xfce4/libxfce4panel-2.0 -I/usr/include/gtk-3.0 -I/usr/include/at-spi2-atk/2.0 -I/usr/include/at-spi-2.0 -I/usr/include/dbus-1.0 -I/usr/lib/x86_64-linux-gnu/dbus-1.0/include -I/usr/include/gtk-3.0 -I/usr/include/gio-unix-2.0 -I/usr/include/cairo -I/usr/include/pango-1.0 -I/usr/include/harfbuzz -I/usr/include/pango-1.0 -I/usr/include/fribidi -I/usr/include/harfbuzz -I/usr/include/atk-1.0 -I/usr/include/cairo -I/usr/include/pixman-1 -I/usr/include/uuid -I/usr/include/freetype2 -I/usr/include/gdk-pixbuf-2.0 -I/usr/include/libpng16 -I/usr/include/x86_64-linux-gnu -I/usr/include/libmount -I/usr/include/blkid -I/usr/include/xfce4 -I/usr/include/glib-2.0 -I/usr/lib/x86_64-linux-gnu/glib-2.0/include
configure:15894: checking LIBXFCE4PANEL_LIBS
configure:15897: result: -lxfce4panel-2.0 -lgtk-3 -lgdk-3 -lpangocairo-1.0 -lpango-1.0 -lharfbuzz -latk-1.0 -lcairo-gobject -lcairo -lgdk_pixbuf-2.0 -lgio-2.0 -lgobject-2.0 -Wl,--export-dynamic -lgmodule-2.0 -pthread -lxfce4util -lglib-2.0
configure:16001: checking for pkg-config
configure:16036: result: /usr/bin/pkg-config
configure:16061: checking pkg-config is at least version 0.9.0
configure:16064: result: yes
configure:16086: checking for libwnck-3.0 >= 3.0.0
configure:16090: result: 40.1
configure:16093: checking LIBWNCK_CFLAGS
configure:16096: result: -pthread -I/usr/include/libwnck-3.0 -I/usr/include/startup-notification-1.0 -I/usr/include/gtk-3.0 -I/usr/include/at-spi2-atk/2.0 -I/usr/include/at-spi-2.0 -I/usr/include/dbus-1.0 -I/usr/lib/x86_64-linux-gnu/dbus-1.0/include -I/usr/include/gtk-3.0 -I/usr/include/gio-unix-2.0 -I/usr/include/cairo -I/usr/include/pango-1.0 -I/usr/include/harfbuzz -I/usr/include/pango-1.0 -I/usr/include/fribidi -I/usr/include/harfbuzz -I/usr/include/atk-1.0 -I/usr/include/cairo -I/usr/include/pixman-1 -I/usr/include/uuid -I/usr/include/freetype2 -I/usr/include/gdk-pixbuf-2.0 -I/usr/include/libpng16 -I/usr/include/x86_64-linux-gnu -I/usr/include/libmount -I/usr/include/blkid -I/usr/include/glib-2.0 -I/usr/lib/x86_64-linux-gnu/glib-2.0/include
configure:16099: checking LIBWNCK_LIBS
configure:16102: result: -lwnck-3 -lgtk-3 -lgdk-3 -lpangocairo-1.0 -lpango-1.0 -lharfbuzz -latk-1.0 -lcairo-gobject -lcairo -lgdk_pixbuf-2.0 -lgio-2.0 -lgobject-2.0 -lglib-2.0
configure:16206: checking for pkg-config
configure:16241: result: /usr/bin/pkg-config
configure:16266: checking pkg-config is at least version 0.9.0
configure:16269: result: yes
configure:16291: checking for libnotify >= 0.7.0
configure:16295: result: 0.7.9
configure:16298: checking LIBNOTIFY_CFLAGS
configure:16301: result: -pthread -I/usr/include/gdk-pixbuf-2.0 -I/usr/include/libpng16 -I/usr/include/x86_64-linux-gnu -I/usr/include/libmount -I/usr/include/blkid -I/usr/include/glib-2.0 -I/usr/lib/x86_64-linux-gnu/glib-2.0/include
configure:16304: checking LIBNOTIFY_LIBS
configure:16307: result: -lnotify -lgdk_pixbuf-2.0 -lgio-2.0 -lgobject-2.0 -lglib-2.0
configure:16357: checking whether to build with debugging support
configure:16439: result: minimum
configure:16445: checking PLATFORM_CPPFLAGS
configure:16447: result: 
configure:16450: checking PLATFORM_CFLAGS
configure:16452: result: 
configure:16455: checking PLATFORM_LDFLAGS
configure:16457: result: 
configure:16563: checking that generated files are newer than configure
configure:16569: result: done
configure:16600: creating ./config.status

## ---------------------- ##
## Running config.status. ##
## ---------------------- ##

This file was extended by xfce4-hotcorner-plugin config.status 0.0.4, which was
generated by GNU Autoconf 2.71.  Invocation command line was

  CONFIG_FILES    = 
  CONFIG_HEADERS  = 
  CONFIG_LINKS    = 
  CONFIG_COMMANDS = 
  $ ./config.status 

on Fi

config.status:1227: creating Makefile
config.status:1227: creating src/Makefile
config.status:1227: creating po/Makefile.in
config.status:1227: creating config.h
config.status:1408: config.h is unchanged
config.status:1456: executing depfiles commands
config.status:1533: cd src       && sed -e '/# am--include-marker/d' Makefile         | make -f - am--depfiles
make: Nothing to be done for 'am--depfiles'.
config.status:1538: $? = 0
config.status:1456: executing libtool commands
config.status:1456: executing default-1 commands
config.status:1456: executing po/stamp-it commands

## ---------------- ##
## Cache variables. ##
## ---------------- ##

ac_cv_build=x86_64-pc-linux-gnu
ac_cv_c_compiler_gnu=yes
ac_cv_env_CC_set=
ac_cv_env_CC_value=
ac_cv_env_CFLAGS_set=
ac_cv_env_CFLAGS_value=
ac_cv_env_CPPFLAGS_set=
ac_cv_env_CPPFLAGS_value=
ac_cv_env_CPP_set=
ac_cv_env_CPP_value=
ac_cv_env_LDFLAGS_set=
ac_cv_env_LDFLAGS_value=
ac_cv_env_LIBS_set=
ac_cv_env_LIBS_value=
ac_cv_env_LT_SYS_LIBRARY_PATH_set=
ac_cv_env_LT_SYS_LIBRARY_PATH_value=
ac_cv_env_PKG_CONFIG_LIBDIR_set=
ac_cv_env_PKG_CONFIG_LIBDIR_value=
ac_cv_env_PKG_CONFIG_PATH_set=
ac_cv_env_PKG_CONFIG_PATH_value=
ac_cv_env_PKG_CONFIG_set=
ac_cv_env_PKG_CONFIG_value=
ac_cv_env_XMKMF_set=
ac_cv_env_XMKMF_value=
ac_cv_env_build_alias_set=
ac_cv_env_build_alias_value=
ac_cv_env_host_alias_set=
ac_cv_env_host_alias_value=
ac_cv_env_target_alias_set=
ac_cv_env_target_alias_value=
ac_cv_func_bind_textdomain_codeset=yes
ac_cv_func_connect=yes
ac_cv_func_dcgettext=yes
ac_cv_func_gethostbyname=yes
ac_cv_func_remove=yes
ac_cv_func_shmat=yes
ac_cv_have_x='have_x=yes	ac_x_includes='\'''\''	ac_x_libraries='\'''\'''
ac_cv_header_dlfcn_h=yes
ac_cv_header_inttypes_h=yes
ac_cv_header_libintl_h=yes
ac_cv_header_locale_h=yes
ac_cv_header_stdint_h=yes
ac_cv_header_stdio_h=yes
ac_cv_header_stdlib_h=yes
ac_cv_header_string_h=yes
ac_cv_header_strings_h=yes
ac_cv_header_sys_stat_h=yes
ac_cv_header_sys_types_h=yes
ac_cv_header_unistd_h=yes
ac_cv_host=x86_64-pc-linux-gnu
ac_cv_lib_ICE_IceConnectionNumber=yes
ac_cv_lib_X11_main=yes
ac_cv_lib_m_exp=yes
ac_cv_objext=o
ac_cv_path_EGREP='/usr/bin/grep -E'
ac_cv_path_FGREP='/usr/bin/grep -F'
ac_cv_path_GMSGFMT=/usr/bin/msgfmt
ac_cv_path_GREP=/usr/bin/grep
ac_cv_path_INTLTOOL_EXTRACT=/usr/bin/intltool-extract
ac_cv_path_INTLTOOL_MERGE=/usr/bin/intltool-merge
ac_cv_path_INTLTOOL_PERL=/usr/bin/perl
ac_cv_path_INTLTOOL_UPDATE=/usr/bin/intltool-update
ac_cv_path_MSGFMT=/usr/bin/msgfmt
ac_cv_path_MSGMERGE=/usr/bin/msgmerge
ac_cv_path_SED=/usr/bin/sed
ac_cv_path_XGETTEXT=/usr/bin/xgettext
ac_cv_path_ac_pt_PKG_CONFIG=/usr/bin/pkg-config
ac_cv_path_install='/usr/bin/install -c'
ac_cv_path_lt_DD=/usr/bin/dd
ac_cv_path_mkdir=/usr/bin/mkdir
ac_cv_prog_AWK=mawk
ac_cv_prog_CPP='gcc -E'
ac_cv_prog_ac_ct_AR=ar
ac_cv_prog_ac_ct_CC=gcc
ac_cv_prog_ac_ct_FILECMD=file
ac_cv_prog_ac_ct_MANIFEST_TOOL=mt
ac_cv_prog_ac_ct_OBJDUMP=objdump
ac_cv_prog_ac_ct_RANLIB=ranlib
ac_cv_prog_ac_ct_STRIP=strip
ac_cv_prog_cc_c11=
ac_cv_prog_cc_g=yes
ac_cv_prog_cc_stdc=
ac_cv_prog_make_make_set=yes
ac_cv_target=x86_64-pc-linux-gnu
am_cv_CC_dependencies_compiler_type=gcc3
am_cv_make_support_nested_variables=yes
am_cv_prog_cc_c_o=yes
am_cv_prog_tar_ustar=gnutar
am_cv_val_LC_MESSAGES=yes
gt_cv_func_CFLocaleCopyCurrent=no
gt_cv_func_CFPreferencesCopyAppValue=no
gt_cv_func_dgettext_libc=yes
gt_cv_func_dgettext_libintl=no
gt_cv_func_ngettext_libc=yes
gt_cv_have_gettext=yes
lt_cv_ar_at_file=@
lt_cv_archive_cmds_need_lc=no
lt_cv_deplibs_check_method=pass_all
lt_cv_file_magic_cmd='$MAGIC_CMD'
lt_cv_file_magic_test_file=
lt_cv_ld_reload_flag=-r
lt_cv_nm_interface='BSD nm'
lt_cv_objdir=.libs
lt_cv_path_LD=/usr/bin/ld
lt_cv_path_NM='/usr/bin/nm -B'
lt_cv_path_mainfest_tool=no
lt_cv_prog_compiler_c_o=yes
lt_cv_prog_compiler_pic='-fPIC -DPIC'
lt_cv_prog_compiler_pic_works=yes
lt_cv_prog_compiler_rtti_exceptions=no
lt_cv_prog_compiler_static_works=yes
lt_cv_prog_gnu_ld=yes
lt_cv_sharedlib_from_linklib_cmd='printf %s\n'
lt_cv_shlibpath_overrides_runpath=yes
lt_cv_sys_global_symbol_pipe='/usr/bin/sed -n -e '\''s/^.*[	 ]\([ABCDGIRSTW][ABCDGIRSTW]*\)[	 ][	 ]*\([_A-Za-z][_A-Za-z0-9]*\)$/\1 \2 \2/p'\'' | /usr/bin/sed '\''/ __gnu_lto/d'\'''
lt_cv_sys_global_symbol_to_c_name_address='/usr/bin/sed -n -e '\''s/^: \(.*\) .*$/  {"\1", (void *) 0},/p'\'' -e '\''s/^[ABCDGIRSTW][ABCDGIRSTW]* .* \(.*\)$/  {"\1", (void *) \&\1},/p'\'''
lt_cv_sys_global_symbol_to_c_name_address_lib_prefix='/usr/bin/sed -n -e '\''s/^: \(.*\) .*$/  {"\1", (void *) 0},/p'\'' -e '\''s/^[ABCDGIRSTW][ABCDGIRSTW]* .* \(lib.*\)$/  {"\1", (void *) \&\1},/p'\'' -e '\''s/^[ABCDGIRSTW][ABCDGIRSTW]* .* \(.*\)$/  {"lib\1", (void *) \&\1},/p'\'''
lt_cv_sys_global_symbol_to_cdecl='/usr/bin/sed -n -e '\''s/^T .* \(.*\)$/extern int \1();/p'\'' -e '\''s/^[ABCDGIRSTW][ABCDGIRSTW]* .* \(.*\)$/extern char \1;/p'\'''
lt_cv_sys_global_symbol_to_import=
lt_cv_sys_max_cmd_len=1572864
lt_cv_to_host_file_cmd=func_convert_file_noop
lt_cv_to_tool_file_cmd=func_convert_file_noop
lt_cv_truncate_bin='/usr/bin/dd bs=4096 count=1'
xdt_cv_PKG_CONFIG_MIN_VERSION=0.9.0

## ----------------- ##
## Output variables. ##
## ----------------- ##

ACLOCAL='${SHELL} '\''/home/fxbeaulieu/xfce4-hotcorner-plugin/missing'\'' aclocal-1.16'
ALL_LINGUAS='gl zh_TW'
AMDEPBACKSLASH='\'
AMDEP_FALSE='#'
AMDEP_TRUE=''
AMTAR='$${TAR-tar}'
AM_BACKSLASH='\'
AM_DEFAULT_V='$(AM_DEFAULT_VERBOSITY)'
AM_DEFAULT_VERBOSITY='0'
AM_V='$(V)'
AR='ar'
AUTOCONF='${SHELL} '\''/home/fxbeaulieu/xfce4-hotcorner-plugin/missing'\'' autoconf'
AUTOHEADER='${SHELL} '\''/home/fxbeaulieu/xfce4-hotcorner-plugin/missing'\'' autoheader'
AUTOMAKE='${SHELL} '\''/home/fxbeaulieu/xfce4-hotcorner-plugin/missing'\'' automake-1.16'
AWK='mawk'
CATALOGS=' gl.gmo zh_TW.gmo'
CATOBJEXT='.gmo'
CC='gcc'
CCDEPMODE='depmode=gcc3'
CFLAGS='-g -O2'
CPP='gcc -E'
CPPFLAGS=' -DNDEBUG'
CSCOPE='cscope'
CTAGS='ctags'
CYGPATH_W='echo'
DATADIRNAME='share'
DEFS='-DHAVE_CONFIG_H'
DEPDIR='.deps'
DLLTOOL='false'
DSYMUTIL=''
DUMPBIN=''
ECHO_C=''
ECHO_N='-n'
ECHO_T=''
EGREP='/usr/bin/grep -E'
ETAGS='etags'
EXEEXT=''
FGREP='/usr/bin/grep -F'
FILECMD='file'
GETTEXT_PACKAGE='xfce4-hotcorner-plugin'
GMOFILES=' gl.gmo zh_TW.gmo'
GMSGFMT='/usr/bin/msgfmt'
GREP='/usr/bin/grep'
GTK_CFLAGS='-pthread -I/usr/include/gtk-3.0 -I/usr/include/at-spi2-atk/2.0 -I/usr/include/at-spi-2.0 -I/usr/include/dbus-1.0 -I/usr/lib/x86_64-linux-gnu/dbus-1.0/include -I/usr/include/gtk-3.0 -I/usr/include/gio-unix-2.0 -I/usr/include/cairo -I/usr/include/pango-1.0 -I/usr/include/harfbuzz -I/usr/include/pango-1.0 -I/usr/include/fribidi -I/usr/include/harfbuzz -I/usr/include/atk-1.0 -I/usr/include/cairo -I/usr/include/pixman-1 -I/usr/include/uuid -I/usr/include/freetype2 -I/usr/include/gdk-pixbuf-2.0 -I/usr/include/libpng16 -I/usr/include/x86_64-linux-gnu -I/usr/include/libmount -I/usr/include/blkid -I/usr/include/glib-2.0 -I/usr/lib/x86_64-linux-gnu/glib-2.0/include'
GTK_LIBS='-lgtk-3 -lgdk-3 -lpangocairo-1.0 -lpango-1.0 -lharfbuzz -latk-1.0 -lcairo-gobject -lcairo -lgdk_pixbuf-2.0 -lgio-2.0 -lgobject-2.0 -lglib-2.0'
GTK_REQUIRED_VERSION='3.22.0'
GTK_VERSION='3.24.33'
INSTALL_DATA='${INSTALL} -m 644'
INSTALL_PROGRAM='${INSTALL}'
INSTALL_SCRIPT='${INSTALL}'
INSTALL_STRIP_PROGRAM='$(install_sh) -c -s'
INSTOBJEXT='.mo'
INTLLIBS=''
INTLTOOL_CAVES_RULE='%.caves:     %.caves.in     $(INTLTOOL_MERGE) $(wildcard $(top_srcdir)/po/*.po) ; $(INTLTOOL_V_MERGE)LC_ALL=C $(INTLTOOL_MERGE) $(INTLTOOL_V_MERGE_OPTIONS) -d -u -c $(top_builddir)/po/.intltool-merge-cache $(top_srcdir)/po $< $@'
INTLTOOL_DESKTOP_RULE='%.desktop:   %.desktop.in   $(INTLTOOL_MERGE) $(wildcard $(top_srcdir)/po/*.po) ; $(INTLTOOL_V_MERGE)LC_ALL=C $(INTLTOOL_MERGE) $(INTLTOOL_V_MERGE_OPTIONS) -d -u -c $(top_builddir)/po/.intltool-merge-cache $(top_srcdir)/po $< $@'
INTLTOOL_DIRECTORY_RULE='%.directory: %.directory.in $(INTLTOOL_MERGE) $(wildcard $(top_srcdir)/po/*.po) ; $(INTLTOOL_V_MERGE)LC_ALL=C $(INTLTOOL_MERGE) $(INTLTOOL_V_MERGE_OPTIONS) -d -u -c $(top_builddir)/po/.intltool-merge-cache $(top_srcdir)/po $< $@'
INTLTOOL_EXTRACT='/usr/bin/intltool-extract'
INTLTOOL_KBD_RULE='%.kbd:       %.kbd.in       $(INTLTOOL_MERGE) $(wildcard $(top_srcdir)/po/*.po) ; $(INTLTOOL_V_MERGE)LC_ALL=C $(INTLTOOL_MERGE) $(INTLTOOL_V_MERGE_OPTIONS) -x -u -m -c $(top_builddir)/po/.intltool-merge-cache $(top_srcdir)/po $< $@'
INTLTOOL_KEYS_RULE='%.keys:      %.keys.in      $(INTLTOOL_MERGE) $(wildcard $(top_srcdir)/po/*.po) ; $(INTLTOOL_V_MERGE)LC_ALL=C $(INTLTOOL_MERGE) $(INTLTOOL_V_MERGE_OPTIONS) -k -u -c $(top_builddir)/po/.intltool-merge-cache $(top_srcdir)/po $< $@'
INTLTOOL_MERGE='/usr/bin/intltool-merge'
INTLTOOL_OAF_RULE='%.oaf:       %.oaf.in       $(INTLTOOL_MERGE) $(wildcard $(top_srcdir)/po/*.po) ; $(INTLTOOL_V_MERGE)LC_ALL=C $(INTLTOOL_MERGE) $(INTLTOOL_V_MERGE_OPTIONS) -o -p $(top_srcdir)/po $< $@'
INTLTOOL_PERL='/usr/bin/perl'
INTLTOOL_POLICY_RULE='%.policy:    %.policy.in    $(INTLTOOL_MERGE) $(wildcard $(top_srcdir)/po/*.po) ; $(INTLTOOL_V_MERGE)LC_ALL=C $(INTLTOOL_MERGE) $(INTLTOOL_V_MERGE_OPTIONS) -x -u -c $(top_builddir)/po/.intltool-merge-cache $(top_srcdir)/po $< $@'
INTLTOOL_PONG_RULE='%.pong:      %.pong.in      $(INTLTOOL_MERGE) $(wildcard $(top_srcdir)/po/*.po) ; $(INTLTOOL_V_MERGE)LC_ALL=C $(INTLTOOL_MERGE) $(INTLTOOL_V_MERGE_OPTIONS) -x -u -c $(top_builddir)/po/.intltool-merge-cache $(top_srcdir)/po $< $@'
INTLTOOL_PROP_RULE='%.prop:      %.prop.in      $(INTLTOOL_MERGE) $(wildcard $(top_srcdir)/po/*.po) ; $(INTLTOOL_V_MERGE)LC_ALL=C $(INTLTOOL_MERGE) $(INTLTOOL_V_MERGE_OPTIONS) -d -u -c $(top_builddir)/po/.intltool-merge-cache $(top_srcdir)/po $< $@'
INTLTOOL_SCHEMAS_RULE='%.schemas:   %.schemas.in   $(INTLTOOL_MERGE) $(wildcard $(top_srcdir)/po/*.po) ; $(INTLTOOL_V_MERGE)LC_ALL=C $(INTLTOOL_MERGE) $(INTLTOOL_V_MERGE_OPTIONS) -s -u -c $(top_builddir)/po/.intltool-merge-cache $(top_srcdir)/po $< $@'
INTLTOOL_SERVER_RULE='%.server:    %.server.in    $(INTLTOOL_MERGE) $(wildcard $(top_srcdir)/po/*.po) ; $(INTLTOOL_V_MERGE)LC_ALL=C $(INTLTOOL_MERGE) $(INTLTOOL_V_MERGE_OPTIONS) -o -u -c $(top_builddir)/po/.intltool-merge-cache $(top_srcdir)/po $< $@'
INTLTOOL_SERVICE_RULE='%.service: %.service.in   $(INTLTOOL_MERGE) $(wildcard $(top_srcdir)/po/*.po) ; $(INTLTOOL_V_MERGE)LC_ALL=C $(INTLTOOL_MERGE) $(INTLTOOL_V_MERGE_OPTIONS) -d -u -c $(top_builddir)/po/.intltool-merge-cache $(top_srcdir)/po $< $@'
INTLTOOL_SHEET_RULE='%.sheet:     %.sheet.in     $(INTLTOOL_MERGE) $(wildcard $(top_srcdir)/po/*.po) ; $(INTLTOOL_V_MERGE)LC_ALL=C $(INTLTOOL_MERGE) $(INTLTOOL_V_MERGE_OPTIONS) -x -u -c $(top_builddir)/po/.intltool-merge-cache $(top_srcdir)/po $< $@'
INTLTOOL_SOUNDLIST_RULE='%.soundlist: %.soundlist.in $(INTLTOOL_MERGE) $(wildcard $(top_srcdir)/po/*.po) ; $(INTLTOOL_V_MERGE)LC_ALL=C $(INTLTOOL_MERGE) $(INTLTOOL_V_MERGE_OPTIONS) -d -u -c $(top_builddir)/po/.intltool-merge-cache $(top_srcdir)/po $< $@'
INTLTOOL_THEME_RULE='%.theme:     %.theme.in     $(INTLTOOL_MERGE) $(wildcard $(top_srcdir)/po/*.po) ; $(INTLTOOL_V_MERGE)LC_ALL=C $(INTLTOOL_MERGE) $(INTLTOOL_V_MERGE_OPTIONS) -d -u -c $(top_builddir)/po/.intltool-merge-cache $(top_srcdir)/po $< $@'
INTLTOOL_UI_RULE='%.ui:        %.ui.in        $(INTLTOOL_MERGE) $(wildcard $(top_srcdir)/po/*.po) ; $(INTLTOOL_V_MERGE)LC_ALL=C $(INTLTOOL_MERGE) $(INTLTOOL_V_MERGE_OPTIONS) -x -u -c $(top_builddir)/po/.intltool-merge-cache $(top_srcdir)/po $< $@'
INTLTOOL_UPDATE='/usr/bin/intltool-update'
INTLTOOL_V_MERGE='$(INTLTOOL__v_MERGE_$(V))'
INTLTOOL_V_MERGE_OPTIONS='$(intltool__v_merge_options_$(V))'
INTLTOOL_XAM_RULE='%.xam:       %.xml.in       $(INTLTOOL_MERGE) $(wildcard $(top_srcdir)/po/*.po) ; $(INTLTOOL_V_MERGE)LC_ALL=C $(INTLTOOL_MERGE) $(INTLTOOL_V_MERGE_OPTIONS) -x -u -c $(top_builddir)/po/.intltool-merge-cache $(top_srcdir)/po $< $@'
INTLTOOL_XML_NOMERGE_RULE='%.xml:       %.xml.in       $(INTLTOOL_MERGE) ; $(INTLTOOL_V_MERGE)LC_ALL=C $(INTLTOOL_MERGE) $(INTLTOOL_V_MERGE_OPTIONS) -x -u --no-translations $< $@'
INTLTOOL_XML_RULE='%.xml:       %.xml.in       $(INTLTOOL_MERGE) $(wildcard $(top_srcdir)/po/*.po) ; $(INTLTOOL_V_MERGE)LC_ALL=C $(INTLTOOL_MERGE) $(INTLTOOL_V_MERGE_OPTIONS) -x -u -c $(top_builddir)/po/.intltool-merge-cache $(top_srcdir)/po $< $@'
INTLTOOL__v_MERGE_0='@echo "  ITMRG " $@;'
INTLTOOL__v_MERGE_='$(INTLTOOL__v_MERGE_$(AM_DEFAULT_VERBOSITY))'
INTL_MACOSX_LIBS=''
LD='/usr/bin/ld -m elf_x86_64'
LDFLAGS=''
LIBNOTIFY_CFLAGS='-pthread -I/usr/include/gdk-pixbuf-2.0 -I/usr/include/libpng16 -I/usr/include/x86_64-linux-gnu -I/usr/include/libmount -I/usr/include/blkid -I/usr/include/glib-2.0 -I/usr/lib/x86_64-linux-gnu/glib-2.0/include'
LIBNOTIFY_LIBS='-lnotify -lgdk_pixbuf-2.0 -lgio-2.0 -lgobject-2.0 -lglib-2.0'
LIBNOTIFY_REQUIRED_VERSION='0.7.0'
LIBNOTIFY_VERSION='0.7.9'
LIBOBJS=''
LIBS='-lm '
LIBTOOL='$(SHELL) $(top_builddir)/libtool'
LIBWNCK_CFLAGS='-pthread -I/usr/include/libwnck-3.0 -I/usr/include/startup-notification-1.0 -I/usr/include/gtk-3.0 -I/usr/include/at-spi2-atk/2.0 -I/usr/include/at-spi-2.0 -I/usr/include/dbus-1.0 -I/usr/lib/x86_64-linux-gnu/dbus-1.0/include -I/usr/include/gtk-3.0 -I/usr/include/gio-unix-2.0 -I/usr/include/cairo -I/usr/include/pango-1.0 -I/usr/include/harfbuzz -I/usr/include/pango-1.0 -I/usr/include/fribidi -I/usr/include/harfbuzz -I/usr/include/atk-1.0 -I/usr/include/cairo -I/usr/include/pixman-1 -I/usr/include/uuid -I/usr/include/freetype2 -I/usr/include/gdk-pixbuf-2.0 -I/usr/include/libpng16 -I/usr/include/x86_64-linux-gnu -I/usr/include/libmount -I/usr/include/blkid -I/usr/include/glib-2.0 -I/usr/lib/x86_64-linux-gnu/glib-2.0/include'
LIBWNCK_LIBS='-lwnck-3 -lgtk-3 -lgdk-3 -lpangocairo-1.0 -lpango-1.0 -lharfbuzz -latk-1.0 -lcairo-gobject -lcairo -lgdk_pixbuf-2.0 -lgio-2.0 -lgobject-2.0 -lglib-2.0'
LIBWNCK_REQUIRED_VERSION='3.0.0'
LIBWNCK_VERSION='40.1'
LIBX11_CFLAGS=''
LIBX11_LDFLAGS=''
LIBX11_LIBS=' -lSM -lICE -lX11'
LIBXFCE4PANEL_CFLAGS='-pthread -I/usr/include/xfce4/libxfce4panel-2.0 -I/usr/include/gtk-3.0 -I/usr/include/at-spi2-atk/2.0 -I/usr/include/at-spi-2.0 -I/usr/include/dbus-1.0 -I/usr/lib/x86_64-linux-gnu/dbus-1.0/include -I/usr/include/gtk-3.0 -I/usr/include/gio-unix-2.0 -I/usr/include/cairo -I/usr/include/pango-1.0 -I/usr/include/harfbuzz -I/usr/include/pango-1.0 -I/usr/include/fribidi -I/usr/include/harfbuzz -I/usr/include/atk-1.0 -I/usr/include/cairo -I/usr/include/pixman-1 -I/usr/include/uuid -I/usr/include/freetype2 -I/usr/include/gdk-pixbuf-2.0 -I/usr/include/libpng16 -I/usr/include/x86_64-linux-gnu -I/usr/include/libmount -I/usr/include/blkid -I/usr/include/xfce4 -I/usr/include/glib-2.0 -I/usr/lib/x86_64-linux-gnu/glib-2.0/include'
LIBXFCE4PANEL_LIBS='-lxfce4panel-2.0 -lgtk-3 -lgdk-3 -lpangocairo-1.0 -lpango-1.0 -lharfbuzz -latk-1.0 -lcairo-gobject -lcairo -lgdk_pixbuf-2.0 -lgio-2.0 -lgobject-2.0 -Wl,--export-dynamic -lgmodule-2.0 -pthread -lxfce4util -lglib-2.0'
LIBXFCE4PANEL_REQUIRED_VERSION='4.12.0'
LIBXFCE4PANEL_VERSION='4.16.3'
LIBXFCE4UI_CFLAGS='-pthread -I/usr/include/xfce4/libxfce4ui-2 -I/usr/include/gtk-3.0 -I/usr/include/at-spi2-atk/2.0 -I/usr/include/at-spi-2.0 -I/usr/include/dbus-1.0 -I/usr/lib/x86_64-linux-gnu/dbus-1.0/include -I/usr/include/gtk-3.0 -I/usr/include/gio-unix-2.0 -I/usr/include/cairo -I/usr/include/pango-1.0 -I/usr/include/harfbuzz -I/usr/include/pango-1.0 -I/usr/include/fribidi -I/usr/include/harfbuzz -I/usr/include/atk-1.0 -I/usr/include/cairo -I/usr/include/pixman-1 -I/usr/include/uuid -I/usr/include/freetype2 -I/usr/include/gdk-pixbuf-2.0 -I/usr/include/libpng16 -I/usr/include/x86_64-linux-gnu -I/usr/include/libmount -I/usr/include/blkid -I/usr/include/xfce4 -I/usr/include/glib-2.0 -I/usr/lib/x86_64-linux-gnu/glib-2.0/include'
LIBXFCE4UI_LIBS='-lxfce4ui-2 -lgtk-3 -lgdk-3 -lpangocairo-1.0 -lpango-1.0 -lharfbuzz -latk-1.0 -lcairo-gobject -lcairo -lgdk_pixbuf-2.0 -lgio-2.0 -lgobject-2.0 -lxfce4util -lglib-2.0'
LIBXFCE4UI_REQUIRED_VERSION='4.12.0'
LIBXFCE4UI_VERSION='4.16.1'
LIPO=''
LN_S='ln -s'
LTLIBOBJS=''
LT_SYS_LIBRARY_PATH=''
MAINT='#'
MAINTAINER_MODE_FALSE=''
MAINTAINER_MODE_TRUE='#'
MAKEINFO='${SHELL} '\''/home/fxbeaulieu/xfce4-hotcorner-plugin/missing'\'' makeinfo'
MANIFEST_TOOL=':'
MKDIR_P='/usr/bin/mkdir -p'
MKINSTALLDIRS='.//mkinstalldirs'
MSGFMT='/usr/bin/msgfmt'
MSGFMT_OPTS='-c'
MSGMERGE='/usr/bin/msgmerge'
NM='/usr/bin/nm -B'
NMEDIT=''
OBJDUMP='objdump'
OBJEXT='o'
OTOOL64=''
OTOOL=''
PACKAGE='xfce4-hotcorner-plugin'
PACKAGE_BUGREPORT=''
PACKAGE_NAME='xfce4-hotcorner-plugin'
PACKAGE_STRING='xfce4-hotcorner-plugin 0.0.4'
PACKAGE_TARNAME='xfce4-hotcorner-plugin'
PACKAGE_URL=''
PACKAGE_VERSION='0.0.4'
PATH_SEPARATOR=':'
PKG_CONFIG='/usr/bin/pkg-config'
PKG_CONFIG_LIBDIR=''
PKG_CONFIG_PATH=''
PLATFORM_CFLAGS=''
PLATFORM_CPPFLAGS=''
PLATFORM_LDFLAGS=''
POFILES=' gl.po zh_TW.po'
POSUB='po'
PO_IN_DATADIR_FALSE=''
PO_IN_DATADIR_TRUE=''
RANLIB='ranlib'
SED='/usr/bin/sed'
SET_MAKE=''
SHELL='/bin/bash'
STRIP='strip'
USE_NLS='yes'
VERSION='0.0.4'
XGETTEXT='/usr/bin/xgettext'
XGETTEXT_ARGS='--keyword=Q_ --from-code=UTF-8'
XMKMF=''
X_CFLAGS=''
X_EXTRA_LIBS=''
X_LIBS=''
X_PRE_LIBS=' -lSM -lICE'
ac_ct_AR='ar'
ac_ct_CC='gcc'
ac_ct_DUMPBIN=''
am__EXEEXT_FALSE=''
am__EXEEXT_TRUE='#'
am__fastdepCC_FALSE='#'
am__fastdepCC_TRUE=''
am__include='include'
am__isrc=''
am__leading_dot='.'
am__nodep='_no'
am__quote=''
am__tar='tar --format=ustar -chf - "$$tardir"'
am__untar='tar -xf -'
bindir='${exec_prefix}/bin'
build='x86_64-pc-linux-gnu'
build_alias=''
build_cpu='x86_64'
build_os='linux-gnu'
build_vendor='pc'
datadir='${datarootdir}'
datarootdir='${prefix}/share'
docdir='${datarootdir}/doc/${PACKAGE_TARNAME}'
dvidir='${docdir}'
exec_prefix='${prefix}'
host='x86_64-pc-linux-gnu'
host_alias=''
host_cpu='x86_64'
host_os='linux-gnu'
host_vendor='pc'
htmldir='${docdir}'
includedir='${prefix}/include'
infodir='${datarootdir}/info'
install_sh='${SHELL} /home/fxbeaulieu/xfce4-hotcorner-plugin/install-sh'
intltool__v_merge_options_0='-q'
intltool__v_merge_options_='$(intltool__v_merge_options_$(AM_DEFAULT_VERBOSITY))'
libdir='${exec_prefix}/lib'
libexecdir='${exec_prefix}/libexec'
localedir='${prefix}/share/locale'
localstatedir='${prefix}/var'
mandir='${datarootdir}/man'
mkdir_p='$(MKDIR_P)'
oldincludedir='/usr/include'
pdfdir='${docdir}'
prefix='/usr'
program_transform_name='s,x,x,'
psdir='${docdir}'
runstatedir='${localstatedir}/run'
sbindir='${exec_prefix}/sbin'
sharedstatedir='${prefix}/com'
sysconfdir='${prefix}/etc'
target='x86_64-pc-linux-gnu'
target_alias=''
target_cpu='x86_64'
target_os='linux-gnu'
target_vendor='pc'

## ----------- ##
## confdefs.h. ##
## ----------- ##

/* confdefs.h */
#define PACKAGE_NAME "xfce4-hotcorner-plugin"
#define PACKAGE_TARNAME "xfce4-hotcorner-plugin"
#define PACKAGE_VERSION "0.0.4"
#define PACKAGE_STRING "xfce4-hotcorner-plugin 0.0.4"
#define PACKAGE_BUGREPORT ""
#define PACKAGE_URL ""
#define PACKAGE "xfce4-hotcorner-plugin"
#define VERSION "0.0.4"
#define HAVE_STDIO_H 1
#define HAVE_STDLIB_H 1
#define HAVE_STRING_H 1
#define HAVE_INTTYPES_H 1
#define HAVE_STDINT_H 1
#define HAVE_STRINGS_H 1
#define HAVE_SYS_STAT_H 1
#define HAVE_SYS_TYPES_H 1
#define HAVE_UNISTD_H 1
#define STDC_HEADERS 1
#define HAVE_DLFCN_H 1
#define LT_OBJDIR ".libs/"
#define HAVE_LIBM 1
#define GETTEXT_PACKAGE "xfce4-hotcorner-plugin"
#define HAVE_LOCALE_H 1
#define HAVE_LC_MESSAGES 1
#define HAVE_BIND_TEXTDOMAIN_CODESET 1
#define HAVE_GETTEXT 1
#define HAVE_DCGETTEXT 1
#define ENABLE_NLS 1
#define HAVE_LIBX11 1

configure: exit 0
